[    0.000000] Linux version 4.15.0-212-generic (buildd@lcy02-amd64-083) (gcc version 7.5.0 (Ubuntu 7.5.0-3ubuntu1~18.04)) #223-Ubuntu SMP Tue May 23 13:09:22 UTC 2023 (Ubuntu 4.15.0-212.223-generic 4.15.18)
[    0.000000] Command line: BOOT_IMAGE=/boot/vmlinuz-4.15.0-212-generic root=LABEL=cloudimg-rootfs ro console=tty1 console=ttyS0
[    0.000000] KERNEL supported cpus:
[    0.000000]   Intel GenuineIntel
[    0.000000]   AMD AuthenticAMD
[    0.000000]   Centaur CentaurHauls
[    0.000000] [Firmware Bug]: TSC doesn't count with P0 frequency!
[    0.000000] x86/fpu: x87 FPU will use FXSAVE
[    0.000000] e820: BIOS-provided physical RAM map:
[    0.000000] BIOS-e820: [mem 0x0000000000000000-0x000000000009fbff] usable
[    0.000000] BIOS-e820: [mem 0x000000000009fc00-0x000000000009ffff] reserved
[    0.000000] BIOS-e820: [mem 0x00000000000f0000-0x00000000000fffff] reserved
[    0.000000] BIOS-e820: [mem 0x0000000000100000-0x000000003ffeffff] usable
[    0.000000] BIOS-e820: [mem 0x000000003fff0000-0x000000003fffffff] ACPI data
[    0.000000] BIOS-e820: [mem 0x00000000fec00000-0x00000000fec00fff] reserved
[    0.000000] BIOS-e820: [mem 0x00000000fee00000-0x00000000fee00fff] reserved
[    0.000000] BIOS-e820: [mem 0x00000000fffc0000-0x00000000ffffffff] reserved
[    0.000000] NX (Execute Disable) protection: active
[    0.000000] SMBIOS 2.5 present.
[    0.000000] DMI: innotek GmbH VirtualBox/VirtualBox, BIOS VirtualBox 12/01/2006
[    0.000000] Hypervisor detected: KVM
[    0.000000] e820: last_pfn = 0x3fff0 max_arch_pfn = 0x400000000
[    0.000000] x86/PAT: Configuration [0-7]: WB  WC  UC- UC  WB  WP  UC- WT  
[    0.000000] CPU MTRRs all blank - virtualized system.
[    0.000000] found SMP MP-table at [mem 0x0009fbf0-0x0009fbff]
[    0.000000] Scanning 1 areas for low memory corruption
[    0.000000] RAMDISK: [mem 0x359cb000-0x36cdcfff]
[    0.000000] ACPI: Early table checksum verification disabled
[    0.000000] ACPI: RSDP 0x00000000000E0000 000024 (v02 VBOX  )
[    0.000000] ACPI: XSDT 0x000000003FFF0030 00003C (v01 VBOX   VBOXXSDT 00000001 ASL  00000061)
[    0.000000] ACPI: FACP 0x000000003FFF00F0 0000F4 (v04 VBOX   VBOXFACP 00000001 ASL  00000061)
[    0.000000] ACPI: DSDT 0x000000003FFF0610 002353 (v02 VBOX   VBOXBIOS 00000002 INTL 20100528)
[    0.000000] ACPI: FACS 0x000000003FFF0200 000040
[    0.000000] ACPI: FACS 0x000000003FFF0200 000040
[    0.000000] ACPI: APIC 0x000000003FFF0240 00005C (v02 VBOX   VBOXAPIC 00000001 ASL  00000061)
[    0.000000] ACPI: SSDT 0x000000003FFF02A0 00036C (v01 VBOX   VBOXCPUT 00000002 INTL 20100528)
[    0.000000] ACPI: Reserving FACP table memory at [mem 0x3fff00f0-0x3fff01e3]
[    0.000000] ACPI: Reserving DSDT table memory at [mem 0x3fff0610-0x3fff2962]
[    0.000000] ACPI: Reserving FACS table memory at [mem 0x3fff0200-0x3fff023f]
[    0.000000] ACPI: Reserving FACS table memory at [mem 0x3fff0200-0x3fff023f]
[    0.000000] ACPI: Reserving APIC table memory at [mem 0x3fff0240-0x3fff029b]
[    0.000000] ACPI: Reserving SSDT table memory at [mem 0x3fff02a0-0x3fff060b]
[    0.000000] No NUMA configuration found
[    0.000000] Faking a node at [mem 0x0000000000000000-0x000000003ffeffff]
[    0.000000] NODE_DATA(0) allocated [mem 0x3ffc5000-0x3ffeffff]
[    0.000000] kvm-clock: cpu 0, msr 0:3ff44001, primary cpu clock
[    0.000000] kvm-clock: Using msrs 4b564d01 and 4b564d00
[    0.000000] kvm-clock: using sched offset of 3345127642 cycles
[    0.000000] clocksource: kvm-clock: mask: 0xffffffffffffffff max_cycles: 0x1cd42e4dffb, max_idle_ns: 881590591483 ns
[    0.000000] Zone ranges:
[    0.000000]   DMA      [mem 0x0000000000001000-0x0000000000ffffff]
[    0.000000]   DMA32    [mem 0x0000000001000000-0x000000003ffeffff]
[    0.000000]   Normal   empty
[    0.000000]   Device   empty
[    0.000000] Movable zone start for each node
[    0.000000] Early memory node ranges
[    0.000000]   node   0: [mem 0x0000000000001000-0x000000000009efff]
[    0.000000]   node   0: [mem 0x0000000000100000-0x000000003ffeffff]
[    0.000000] Reserved but unavailable: 104 pages
[    0.000000] Initmem setup node 0 [mem 0x0000000000001000-0x000000003ffeffff]
[    0.000000] ACPI: PM-Timer IO Port: 0x4008
[    0.000000] IOAPIC[0]: apic_id 2, version 32, address 0xfec00000, GSI 0-23
[    0.000000] ACPI: INT_SRC_OVR (bus 0 bus_irq 0 global_irq 2 dfl dfl)
[    0.000000] ACPI: INT_SRC_OVR (bus 0 bus_irq 9 global_irq 9 low level)
[    0.000000] Using ACPI (MADT) for SMP configuration information
[    0.000000] smpboot: Allowing 2 CPUs, 0 hotplug CPUs
[    0.000000] PM: Registered nosave memory: [mem 0x00000000-0x00000fff]
[    0.000000] PM: Registered nosave memory: [mem 0x0009f000-0x0009ffff]
[    0.000000] PM: Registered nosave memory: [mem 0x000a0000-0x000effff]
[    0.000000] PM: Registered nosave memory: [mem 0x000f0000-0x000fffff]
[    0.000000] e820: [mem 0x40000000-0xfebfffff] available for PCI devices
[    0.000000] Booting paravirtualized kernel on KVM
[    0.000000] clocksource: refined-jiffies: mask: 0xffffffff max_cycles: 0xffffffff, max_idle_ns: 7645519600211568 ns
[    0.000000] setup_percpu: NR_CPUS:8192 nr_cpumask_bits:2 nr_cpu_ids:2 nr_node_ids:1
[    0.000000] percpu: Embedded 50 pages/cpu s167936 r8192 d28672 u1048576
[    0.000000] PV qspinlock hash table entries: 256 (order: 0, 4096 bytes)
[    0.000000] Built 1 zonelists, mobility grouping on.  Total pages: 257913
[    0.000000] Policy zone: DMA32
[    0.000000] Kernel command line: BOOT_IMAGE=/boot/vmlinuz-4.15.0-212-generic root=LABEL=cloudimg-rootfs ro console=tty1 console=ttyS0
[    0.000000] Memory: 982644K/1048120K available (12300K kernel code, 2477K rwdata, 4324K rodata, 2480K init, 2720K bss, 65476K reserved, 0K cma-reserved)
[    0.000000] SLUB: HWalign=64, Order=0-3, MinObjects=0, CPUs=2, Nodes=1
[    0.000000] ftrace: allocating 39508 entries in 155 pages
[    0.004000] Hierarchical RCU implementation.
[    0.004000] 	RCU restricting CPUs from NR_CPUS=8192 to nr_cpu_ids=2.
[    0.004000] 	Tasks RCU enabled.
[    0.004000] RCU: Adjusting geometry for rcu_fanout_leaf=16, nr_cpu_ids=2
[    0.004000] NR_IRQS: 524544, nr_irqs: 440, preallocated irqs: 16
[    0.004000] random: crng init done
[    0.004000] Console: colour VGA+ 80x25
[    0.004000] console [tty1] enabled
[    0.004000] console [ttyS0] enabled
[    0.004000] ACPI: Core revision 20170831
[    0.004000] ACPI: 2 ACPI AML tables successfully acquired and loaded
[    0.004000] APIC: Switch to symmetric I/O mode setup
[    0.004000] ..TIMER: vector=0x30 apic1=0 pin1=2 apic2=-1 pin2=-1
[    0.004000] tsc: Detected 3693.104 MHz processor
[    0.004000] Calibrating delay loop (skipped) preset value.. 7386.20 BogoMIPS (lpj=14772416)
[    0.004000] pid_max: default: 32768 minimum: 301
[    0.004000] Security Framework initialized
[    0.004000] Yama: becoming mindful.
[    0.004000] AppArmor: AppArmor initialized
[    0.004000] Dentry cache hash table entries: 131072 (order: 8, 1048576 bytes)
[    0.004000] Inode-cache hash table entries: 65536 (order: 7, 524288 bytes)
[    0.004000] Mount-cache hash table entries: 2048 (order: 2, 16384 bytes)
[    0.004000] Mountpoint-cache hash table entries: 2048 (order: 2, 16384 bytes)
[    0.004000] Last level iTLB entries: 4KB 512, 2MB 512, 4MB 256
[    0.004000] Last level dTLB entries: 4KB 2048, 2MB 2048, 4MB 1024, 1GB 0
[    0.004005] Spectre V1 : Mitigation: usercopy/swapgs barriers and __user pointer sanitization
[    0.008003] Spectre V2 : Mitigation: Retpolines
[    0.009840] Spectre V2 : Spectre v2 / SpectreRSB mitigation: Filling RSB on context switch
[    0.012001] Spectre V2 : Spectre v2 / SpectreRSB : Filling RSB on VMEXIT
[    0.016141] Freeing SMP alternatives memory: 36K
[    0.148349] APIC calibration not consistent with PM-Timer: 112ms instead of 100ms
[    0.151474] APIC delta adjusted to PM-Timer: 6361902 (7175495)
[    0.152218] smpboot: CPU0: AMD Ryzen 5 5600X 6-Core Processor (family: 0x19, model: 0x21, stepping: 0x0)
[    0.156000] Performance Events: PMU not available due to virtualization, using software events only.
[    0.159709] Hierarchical SRCU implementation.
[    0.160570] NMI watchdog: Perf event create on CPU 0 failed with -2
[    0.164002] NMI watchdog: Perf NMI watchdog permanently disabled
[    0.166700] smp: Bringing up secondary CPUs ...
[    0.168496] x86: Booting SMP configuration:
[    0.170391] .... node  #0, CPUs:      #1
[    0.004000] kvm-clock: cpu 1, msr 0:3ff44041, secondary cpu clock
[    0.178632] TSC synchronization [CPU#0 -> CPU#1]:
[    0.180000] Measured 66786 cycles TSC warp between CPUs, turning off TSC clock.
[    0.180000] tsc: Marking TSC unstable due to check_tsc_sync_source failed
[    0.180070] smp: Brought up 1 node, 2 CPUs
[    0.182333] smpboot: Max logical packages: 1
[    0.184004] smpboot: Total of 2 processors activated (14772.41 BogoMIPS)
[    0.188091] devtmpfs: initialized
[    0.190031] x86/mm: Memory block size: 128MB
[    0.192275] evm: security.selinux
[    0.193714] evm: security.SMACK64
[    0.196002] evm: security.SMACK64EXEC
[    0.197576] evm: security.SMACK64TRANSMUTE
[    0.199282] evm: security.SMACK64MMAP
[    0.200002] evm: security.apparmor
[    0.201472] evm: security.ima
[    0.204001] evm: security.capability
[    0.205656] clocksource: jiffies: mask: 0xffffffff max_cycles: 0xffffffff, max_idle_ns: 7645041785100000 ns
[    0.208005] futex hash table entries: 512 (order: 3, 32768 bytes)
[    0.212202] pinctrl core: initialized pinctrl subsystem
[    0.216200] RTC time:  7:06:41, date: 06/08/25
[    0.218734] NET: Registered protocol family 16
[    0.220072] audit: initializing netlink subsys (disabled)
[    0.224173] audit: type=2000 audit(1749366405.972:1): state=initialized audit_enabled=0 res=1
[    0.228056] cpuidle: using governor ladder
[    0.229788] cpuidle: using governor menu
[    0.233232] ACPI: bus type PCI registered
[    0.233688] acpiphp: ACPI Hot Plug PCI Controller Driver version: 0.5
[    0.236284] PCI: Using configuration type 1 for base access
[    0.238450] PCI: Using configuration type 1 for extended access
[    0.244129] HugeTLB registered 2.00 MiB page size, pre-allocated 0 pages
[    0.248243] ACPI: Added _OSI(Module Device)
[    0.249769] ACPI: Added _OSI(Processor Device)
[    0.252005] ACPI: Added _OSI(3.0 _SCP Extensions)
[    0.253818] ACPI: Added _OSI(Processor Aggregator Device)
[    0.256059] ACPI: Added _OSI(Linux-Dell-Video)
[    0.257859] ACPI: Added _OSI(Linux-Lenovo-NV-HDMI-Audio)
[    0.259942] ACPI: Added _OSI(Linux-HPI-Hybrid-Graphics)
[    0.260403] ACPI: Executed 1 blocks of module-level executable AML code
[    0.267424] ACPI: Interpreter enabled
[    0.268009] ACPI: (supports S0 S5)
[    0.269372] ACPI: Using IOAPIC for interrupt routing
[    0.271517] PCI: Using host bridge windows from ACPI; if necessary, use "pci=nocrs" and report a bug
[    0.272122] ACPI: Enabled 2 GPEs in block 00 to 07
[    0.282372] ACPI: PCI Root Bridge [PCI0] (domain 0000 [bus 00-ff])
[    0.284007] acpi PNP0A03:00: _OSC: OS supports [ExtendedConfig ASPM ClockPM Segments MSI]
[    0.289052] acpi PNP0A03:00: _OSC: platform does not support [PCIeCapability]
[    0.292000] acpi PNP0A03:00: _OSC: not requesting control; platform does not support [PCIeCapability]
[    0.292003] acpi PNP0A03:00: _OSC: OS requested [PCIeHotplug PME AER PCIeCapability]
[    0.296002] acpi PNP0A03:00: _OSC: platform willing to grant [PCIeHotplug PME AER]
[    0.298841] acpi PNP0A03:00: _OSC failed (AE_SUPPORT); disabling ASPM
[    0.300383] PCI host bridge to bus 0000:00
[    0.301993] pci_bus 0000:00: root bus resource [io  0x0000-0x0cf7 window]
[    0.304002] pci_bus 0000:00: root bus resource [io  0x0d00-0xffff window]
[    0.308002] pci_bus 0000:00: root bus resource [mem 0x000a0000-0x000bffff window]
[    0.311016] pci_bus 0000:00: root bus resource [mem 0x40000000-0xfdffffff window]
[    0.312002] pci_bus 0000:00: root bus resource [bus 00-ff]
[    0.317803] pci 0000:00:01.1: legacy IDE quirk: reg 0x10: [io  0x01f0-0x01f7]
[    0.320003] pci 0000:00:01.1: legacy IDE quirk: reg 0x14: [io  0x03f6]
[    0.322697] pci 0000:00:01.1: legacy IDE quirk: reg 0x18: [io  0x0170-0x0177]
[    0.324002] pci 0000:00:01.1: legacy IDE quirk: reg 0x1c: [io  0x0376]
[    0.336877] pci 0000:00:07.0: quirk: [io  0x4000-0x403f] claimed by PIIX4 ACPI
[    0.339905] pci 0000:00:07.0: quirk: [io  0x4100-0x410f] claimed by PIIX4 SMB
[    0.346369] ACPI: PCI Interrupt Link [LNKA] (IRQs 5 9 10 *11)
[    0.348018] ACPI: PCI Interrupt Link [LNKB] (IRQs 5 9 *10 11)
[    0.350304] ACPI: PCI Interrupt Link [LNKC] (IRQs 5 *9 10 11)
[    0.352120] ACPI: PCI Interrupt Link [LNKD] (IRQs 5 9 10 *11)
[    0.354612] SCSI subsystem initialized
[    0.356000] pci 0000:00:02.0: vgaarb: setting as boot VGA device
[    0.356000] pci 0000:00:02.0: vgaarb: VGA device added: decodes=io+mem,owns=io+mem,locks=none
[    0.356003] pci 0000:00:02.0: vgaarb: bridge control possible
[    0.358167] vgaarb: loaded
[    0.359329] ACPI: bus type USB registered
[    0.360011] usbcore: registered new interface driver usbfs
[    0.362109] usbcore: registered new interface driver hub
[    0.364000] usbcore: registered new device driver usb
[    0.364177] EDAC MC: Ver: 3.0.0
[    0.368411] PCI: Using ACPI for IRQ routing
[    0.370201] NetLabel: Initializing
[    0.372002] NetLabel:  domain hash size = 128
[    0.373690] NetLabel:  protocols = UNLABELED CIPSOv4 CALIPSO
[    0.376010] NetLabel:  unlabeled traffic allowed by default
[    0.378229] clocksource: Switched to clocksource kvm-clock
[    0.400548] VFS: Disk quotas dquot_6.6.0
[    0.402488] VFS: Dquot-cache hash table entries: 512 (order 0, 4096 bytes)
[    0.405473] AppArmor: AppArmor Filesystem Enabled
[    0.408068] pnp: PnP ACPI init
[    0.410564] pnp: PnP ACPI: found 3 devices
[    0.436406] clocksource: acpi_pm: mask: 0xffffff max_cycles: 0xffffff, max_idle_ns: 2085701024 ns
[    0.439823] NET: Registered protocol family 2
[    0.441964] IP idents hash table entries: 16384 (order: 5, 131072 bytes)
[    0.444885] TCP established hash table entries: 8192 (order: 4, 65536 bytes)
[    0.447723] TCP bind hash table entries: 8192 (order: 5, 131072 bytes)
[    0.450659] TCP: Hash tables configured (established 8192 bind 8192)
[    0.453481] UDP hash table entries: 512 (order: 2, 16384 bytes)
[    0.455837] UDP-Lite hash table entries: 512 (order: 2, 16384 bytes)
[    0.458466] NET: Registered protocol family 1
[    0.460323] pci 0000:00:00.0: Limiting direct PCI/PCI transfers
[    0.462659] pci 0000:00:01.0: Activating ISA DMA hang workarounds
[    0.465213] pci 0000:00:02.0: Video device with shadowed ROM at [mem 0x000c0000-0x000dffff]
[    0.468655] Unpacking initramfs...
[    0.587004] Freeing initrd memory: 19528K
[    0.720333] clocksource: tsc: mask: 0xffffffffffffffff max_cycles: 0x6a77c752a1a, max_idle_ns: 881590993566 ns
[    0.724439] platform rtc_cmos: registered platform RTC device (no PNP device found)
[    0.727450] Scanning for low memory corruption every 60 seconds
[    0.730941] Initialise system trusted keyrings
[    0.733158] Key type blacklist registered
[    0.735173] workingset: timestamp_bits=36 max_order=18 bucket_order=0
[    0.739205] zbud: loaded
[    0.741238] squashfs: version 4.0 (2009/01/31) Phillip Lougher
[    0.744305] fuse init (API version 7.26)
[    0.763820] Key type asymmetric registered
[    0.765502] Asymmetric key parser 'x509' registered
[    0.767368] Block layer SCSI generic (bsg) driver version 0.4 loaded (major 246)
[    0.770564] io scheduler noop registered
[    0.772091] io scheduler deadline registered
[    0.774322] io scheduler cfq registered (default)
[    0.776615] ACPI: AC Adapter [AC] (on-line)
[    0.778377] input: Power Button as /devices/LNXSYSTM:00/LNXPWRBN:00/input/input0
[    0.781491] ACPI: Power Button [PWRF]
[    0.783001] input: Sleep Button as /devices/LNXSYSTM:00/LNXSLPBN:00/input/input1
[    0.785903] ACPI: Sleep Button [SLPF]
[    0.788443] Serial: 8250/16550 driver, 32 ports, IRQ sharing enabled
[    0.816290] 00:02: ttyS0 at I/O 0x3f8 (irq = 4, base_baud = 115200) is a 16550A
[    0.829775] Linux agpgart interface v0.103
[    0.836631] loop: module loaded
[    0.839812] scsi host0: ata_piix
[    0.842207] scsi host1: ata_piix
[    0.843831] ata1: PATA max UDMA/33 cmd 0x1f0 ctl 0x3f6 bmdma 0xd000 irq 14
[    0.846646] ata2: PATA max UDMA/33 cmd 0x170 ctl 0x376 bmdma 0xd008 irq 15
[    0.849477] tun: Universal TUN/TAP device driver, 1.6
[    0.851780] PPP generic driver version 2.4.2
[    0.853830] ehci_hcd: USB 2.0 'Enhanced' Host Controller (EHCI) Driver
[    0.856448] ehci-pci: EHCI PCI platform driver
[    0.858279] ehci-platform: EHCI generic platform driver
[    0.860546] ohci_hcd: USB 1.1 'Open' Host Controller (OHCI) Driver
[    0.862974] ohci-pci: OHCI PCI platform driver
[    0.864857] ohci-platform: OHCI generic platform driver
[    0.866955] uhci_hcd: USB Universal Host Controller Interface driver
[    0.869557] i8042: PNP: PS/2 Controller [PNP0303:PS2K,PNP0f03:PS2M] at 0x60,0x64 irq 1,12
[    0.874336] serio: i8042 KBD port at 0x60,0x64 irq 1
[    0.876470] serio: i8042 AUX port at 0x60,0x64 irq 12
[    0.878976] mousedev: PS/2 mouse device common for all mice
[    0.882329] input: AT Translated Set 2 keyboard as /devices/platform/i8042/serio0/input/input2
[    0.884819] rtc_cmos rtc_cmos: rtc core: registered rtc_cmos as rtc0
[    0.889155] rtc_cmos rtc_cmos: alarms up to one day, 114 bytes nvram
[    0.891949] i2c /dev entries driver
[    0.893498] device-mapper: uevent: version 1.0.3
[    0.895566] device-mapper: ioctl: 4.37.0-ioctl (2017-09-20) initialised: dm-devel@redhat.com
[    0.899298] ledtrig-cpu: registered to indicate activity on CPUs
[    0.902844] NET: Registered protocol family 10
[    0.911816] Segment Routing with IPv6
[    0.913367] NET: Registered protocol family 17
[    0.915380] Key type dns_resolver registered
[    0.917869] mce: Using 0 MCE banks
[    0.919355] RAS: Correctable Errors collector initialized.
[    0.921768] sched_clock: Marking stable (921707843, 0)->(1243440817, -321732974)
[    0.926428] registered taskstats version 1
[    0.928245] Loading compiled-in X.509 certificates
[    0.932885] Loaded X.509 cert 'Build time autogenerated kernel key: b5b26778eaa3ab3a4a6cee031137706e947d12ad'
[    0.937060] Loaded X.509 cert 'Canonical Ltd. Live Patch Signing: 14df34d1a87cf37625abec039ef2bf521249b969'
[    0.941190] Loaded X.509 cert 'Canonical Ltd. Kernel Module Signing: 88f752e560a1e0737e31163a466ad7b70a850c19'
[    0.945043] blacklist: Loading compiled-in revocation X.509 certificates
[    0.947639] Loaded X.509 cert 'Canonical Ltd. Secure Boot Signing: 61482aa2830d0ab2ad5af10b7250da9033ddcef0'
[    0.951456] Loaded X.509 cert 'Canonical Ltd. Secure Boot Signing (2017): 242ade75ac4a15e50d50c84b0d45ff3eae707a03'
[    0.955490] Loaded X.509 cert 'Canonical Ltd. Secure Boot Signing (ESM 2018): 365188c1d374d6b07c3c8f240f8ef722433d6a8b'
[    0.959609] Loaded X.509 cert 'Canonical Ltd. Secure Boot Signing (2019): c0746fd6c5da3ae827864651ad66ae47fe24b3e8'
[    0.963717] Loaded X.509 cert 'Canonical Ltd. Secure Boot Signing (2021 v1): a8d54bbb3825cfb94fa13c9f8a594a195c107b8d'
[    0.967837] Loaded X.509 cert 'Canonical Ltd. Secure Boot Signing (2021 v2): 4cf046892d6fd3c9a5b03f98d845f90851dc6a8c'
[    0.971948] Loaded X.509 cert 'Canonical Ltd. Secure Boot Signing (2021 v3): 100437bb6de6e469b581e61cd66bce3ef4ed53af'
[    0.976071] Loaded X.509 cert 'Canonical Ltd. Secure Boot Signing (Ubuntu Core 2019): c1d57b8f6b743f23ee41f4f7ee292f06eecadfb9'
[    0.980577] zswap: loaded using pool lzo/zbud
[    0.988038] Key type big_key registered
[    0.989728] Key type trusted registered
[    0.993992] Key type encrypted registered
[    0.995956] AppArmor: AppArmor sha1 policy hashing enabled
[    0.998242] ima: No TPM chip found, activating TPM-bypass! (rc=-19)
[    1.000872] ima: Allocated hash algorithm: sha1
[    1.002745] evm: HMAC attrs: 0x1
[    1.004528]   Magic number: 13:405:116
[    1.006380] rtc_cmos rtc_cmos: setting system clock to 2025-06-08 07:06:42 UTC (1749366402)
[    1.009991] BIOS EDD facility v0.16 2004-Jun-25, 0 devices found
[    1.012918] EDD information not available.
[    1.049771] Freeing unused kernel image memory: 2480K
[    1.068647] Write protecting the kernel read-only data: 20480k
[    1.071725] Freeing unused kernel image memory: 2008K
[    1.074623] Freeing unused kernel image memory: 1820K
[    1.079595] x86/mm: Checked W+X mappings: passed, no W+X pages found.
Loading, please wait...
starting version 237
[    1.124764] e1000: Intel(R) PRO/1000 Network Driver - version 7.3.21-k8-NAPI
[    1.128380] e1000: Copyright (c) 1999-2006 Intel Corporation.
[    1.132568] Fusion MPT base driver 3.04.20
[    1.134162] Copyright (c) 1999-2008 LSI Corporation
[    1.140768] Fusion MPT SPI Host driver 3.04.20
[    1.156116] SSE version of gcm_enc/dec engaged.
[    1.365787] input: ImExPS/2 Generic Explorer Mouse as /devices/platform/i8042/serio1/input/input4
[    1.603764] e1000 0000:00:03.0 eth0: (PCI:33MHz:32-bit) 02:3b:7b:b7:3b:2d
[    1.606446] e1000 0000:00:03.0 eth0: Intel(R) PRO/1000 Network Connection
[    1.610435] mptbase: ioc0: Initiating bringup
[    1.722295] ioc0: LSI53C1030 A0: Capabilities={Initiator}
[    1.969858] scsi host2: ioc0: LSI53C1030 A0, FwRev=00000000h, Ports=1, MaxQ=256, IRQ=20
[    2.141803] scsi 2:0:0:0: Direct-Access     VBOX     HARDDISK         1.0  PQ: 0 ANSI: 5
[    2.176265] scsi target2:0:0: Beginning Domain Validation
[    2.181996] scsi target2:0:0: Domain Validation skipping write tests
[    2.184911] scsi target2:0:0: Ending Domain Validation
[    2.187258] scsi target2:0:0: asynchronous
[    2.190402] scsi 2:0:1:0: Direct-Access     VBOX     HARDDISK         1.0  PQ: 0 ANSI: 5
[    2.544117] scsi target2:0:1: Beginning Domain Validation
[    2.551231] scsi target2:0:1: Domain Validation skipping write tests
[    2.554246] scsi target2:0:1: Ending Domain Validation
[    2.556590] scsi target2:0:1: asynchronous
[    2.564483] sd 2:0:0:0: Attached scsi generic sg0 type 0
[    2.567231] sd 2:0:0:0: [sda] 83886080 512-byte logical blocks: (42.9 GB/40.0 GiB)
[    2.570855] sd 2:0:1:0: Attached scsi generic sg1 type 0
[    2.570978] sd 2:0:0:0: [sda] Write Protect is off
[    2.576376] sd 2:0:1:0: [sdb] 20480 512-byte logical blocks: (10.5 MB/10.0 MiB)
[    2.576370] sd 2:0:0:0: [sda] Incomplete mode parameter data
[    2.582320] sd 2:0:0:0: [sda] Assuming drive cache: write through
[    2.582402] sd 2:0:1:0: [sdb] Write Protect is off
[    2.594982] sd 2:0:1:0: [sdb] Incomplete mode parameter data
[    2.597553] sd 2:0:1:0: [sdb] Assuming drive cache: write through
[    2.602628]  sda: sda1
[    2.606897] e1000 0000:00:08.0 eth1: (PCI:33MHz:32-bit) 08:00:27:db:3f:ba
[    2.609748] e1000 0000:00:08.0 eth1: Intel(R) PRO/1000 Network Connection
[    2.612666] sd 2:0:0:0: [sda] Attached SCSI disk
[    2.616760] sd 2:0:1:0: [sdb] Attached SCSI disk
[    2.620401] e1000 0000:00:03.0 enp0s3: renamed from eth0
[    2.636855] e1000 0000:00:08.0 enp0s8: renamed from eth1
Begin: Loading essential drivers ... [    5.376644] raid6: sse2x1   gen() 190618 MB/s
[    7.374976] raid6: sse2x1   xor() 331497 MB/s
[    9.373941] raid6: sse2x2   gen() 388659 MB/s
[    9.453188] raid6: sse2x2   xor() 30185 MB/s
[    9.505284] raid6: sse2x4   gen() 22410 MB/s
[    9.557090] raid6: sse2x4   xor() 11339 MB/s
[    9.559450] raid6: using algorithm sse2x2 gen() 388659 MB/s
[    9.562211] raid6: .... xor() 30185 MB/s, rmw enabled
[    9.564473] raid6: using ssse3x2 recovery algorithm
[    9.568112] xor: measuring software checksum speed
[    9.608557]    prefetch64-sse: 23585.000 MB/sec
[    9.648115]    generic_sse: 22898.000 MB/sec
[    9.649922] xor: using function: prefetch64-sse (23585.000 MB/sec)
[    9.654038] async_tx: api initialized (async)
done.
Begin: Running /scripts/init-premount ... done.
Begin: Mounting root file system ... Begin: Running /scripts/local-top ... done.
Begin: Running /scripts/local-premount ... [    9.691561] Btrfs loaded, crc32c=crc32c-intel
Scanning for Btrfs filesystems
done.
Warning: fsck not present, so skipping root file system
[    9.719630] EXT4-fs (sda1): mounted filesystem with ordered data mode. Opts: (null)
done.
Begin: Running /scripts/local-bottom ... done.
Begin: Running /scripts/init-bottom ... done.
[    9.877256] ip_tables: (C) 2000-2006 Netfilter Core Team
[    9.888376] systemd[1]: systemd 237 running in system mode. (+PAM +AUDIT +SELINUX +IMA +APPARMOR +SMACK +SYSVINIT +UTMP +LIBCRYPTSETUP +GCRYPT +GNUTLS +ACL +XZ +LZ4 +SECCOMP +BLKID +ELFUTILS +KMOD -IDN2 +IDN -PCRE2 default-hierarchy=hybrid)
[    9.897523] systemd[1]: Detected virtualization oracle.
[    9.899919] systemd[1]: Detected architecture x86-64.

Welcome to [1mUbuntu 18.04.6 LTS[0m!

[    9.916733] systemd[1]: Set hostname to <ubuntu>.
[    9.923247] systemd[1]: Initializing machine ID from random generator.
[    9.926291] systemd[1]: Installed transient /etc/machine-id file.
[   10.137727] systemd[1]: Reached target Swap.
[[0;32m  OK  [0m] Reached target Swap.
[   10.140333] systemd[1]: Reached target User and Group Name Lookups.
[[0;32m  OK  [0m] Reached target User and Group Name Lookups.
[   10.144099] systemd[1]: Reached target System Time Synchronized.
[[0;32m  OK  [0m] Reached target System Time Synchronized.
[   10.147542] systemd[1]: Reached target Mounting snaps.
[[0;32m  OK  [0m] Reached target Mounting snaps.
[[0;32m  OK  [0m] Started Forward Password Requests to Wall Directory Watch.
[[0;32m  OK  [0m] Set up automount Arbitrary Executab…rmats File System Automount Point.
[[0;32m  OK  [0m] Reached target Mounted snaps.
[[0;32m  OK  [0m] Created slice System Slice.
[[0;32m  OK  [0m] Listening on Device-mapper event daemon FIFOs.
[[0;32m  OK  [0m] Created slice system-serial\x2dgetty.slice.
[[0;32m  OK  [0m] Listening on Network Service Netlink Socket.
[[0;32m  OK  [0m] Listening on udev Kernel Socket.
[[0;32m  OK  [0m] Listening on Journal Audit Socket.
[[0;32m  OK  [0m] Listening on udev Control Socket.
[[0;32m  OK  [0m] Created slice User and Session Slice.
[[0;32m  OK  [0m] Reached target Slices.
[[0;32m  OK  [0m] Listening on /dev/initctl Compatibility Named Pipe.
[[0;32m  OK  [0m] Listening on Journal Socket.
         Starting Load Kernel Modules...
         Mounting Kernel Debug File System...
[[0;32m  OK  [0m] Listening on LVM2 metadata daemon socket.
         Starting Set the console keyboard layout...
         Starting udev Coldplug all Devices...
         Mounting Huge Pages File System...
[[0;32m  OK  [0m] Listening on LVM2 poll daemon socket.
         Starting Create list of required st…ce nodes for the current kernel...[   10.185214] Loading iSCSI transport class v2.0-870.

         Mounting POSIX Message Queue File System...
[[0;32m  OK  [0m] Listening on Syslog Socket.
[[0;32m  OK  [0m] Listening on Journal Socket (/dev/log).[   10.194275] iscsi: registered transport (tcp)

         Starting Journal Service...
[[0;32m  OK  [0m] Listening on fsck to fsckd communication Socket.
         Starting File System Check on Root Device...
         Starting Monitoring of LVM2 mirrors…ng dmeventd or progress polling...
         Starting Uncomplicated firewall...
[[0;32m  OK  [0m] Mounted Kernel Debug File System.
[[0;32m  OK  [0m] Mounted Huge Pages File System.
[[0;32m  OK  [0m] Started Create list of required sta…vice nodes for the current kernel.
[[0;32m  OK  [0m] Mounted POSIX Message Queue File System.
         Starting Create Static Device Nodes in /dev...
[[0;32m  OK  [0m] Started Journal Service.
[[0;32m  OK  [0m] Started File System Check Daemon to report status.
[[0;32m  OK  [0m] Started Uncomplicated firewall.
[[0;32m  OK  [0m] Started udev Coldplug all Devices.
[[0;32m  OK  [0m] Started LVM2 metadata daemon.
[   10.291984] iscsi: registered transport (iser)
[[0;32m  OK  [0m] Started Load Kernel Modules.
         Starting Apply Kernel Variables...
         Mounting FUSE Control File System...
         Mounting Kernel Configuration File System...
[[0;32m  OK  [0m] Mounted FUSE Control File System.
[[0;32m  OK  [0m] Mounted Kernel Configuration File System.
[[0;32m  OK  [0m] Started File System Check on Root Device.
         Starting Remount Root and Kernel File Systems...
[[0;32m  OK  [0m] Started Create Static Device Nodes in /dev.
[[0;32m  OK  [0m] Started Remount Root and Kernel File Systems.
         Starting udev Kernel Device Manager...
         Starting Flush Journal to Persistent Storage...
         Starting Load/Save Random Seed...
[[0;32m  OK  [0m] Started Monitoring of LVM2 mirrors,…sing dmeventd or progress polling.
[[0;32m  OK  [0m] Started Apply Kernel Variables.
[[0;32m  OK  [0m] Started Load/Save Random Seed.
[[0;32m  OK  [0m] Started udev Kernel Device Manager.
[[0;32m  OK  [0m] Started Flush Journal to Persistent Storage.
[[0;32m  OK  [0m] Found device /dev/ttyS0.
[[0;32m  OK  [0m] Listening on Load/Save RF Kill Switch Status /dev/rfkill Watch.
[[0;32m  OK  [0m] Started Set the console keyboard layout.
[[0;32m  OK  [0m] Reached target Local File Systems (Pre).
[[0;32m  OK  [0m] Reached target Local File Systems.
         Starting AppArmor initialization...
         Starting ebtables ruleset management...
         Starting Create Volatile Files and Directories...
         Starting Commit a transient machine-id on disk...
         Starting Set console font and keymap...
         Starting Tell Plymouth To Write Out Runtime Data...
[[0;32m  OK  [0m] Started Dispatch Password Requests to Console Directory Watch.
[[0;32m  OK  [0m] Reached target Local Encrypted Volumes.
         Mounting Arbitrary Executable File Formats File System...
[[0;32m  OK  [0m] Started Tell Plymouth To Write Out Runtime Data.
[[0;32m  OK  [0m] Started Create Volatile Files and Directories.
         Starting Update UTMP about System Boot/Shutdown...
[[0;32m  OK  [0m] Mounted Arbitrary Executable File Formats File System.
[[0;32m  OK  [0m] Started Update UTMP about System Boot/Shutdown.
[[0;32m  OK  [0m] Started Commit a transient machine-id on disk.
[[0;32m  OK  [0m] Started ebtables ruleset management.
[[0;32m  OK  [0m] Started AppArmor initialization.
         Starting Load AppArmor profiles managed internally by snapd...
         Starting Initial cloud-init job (pre-networking)...
[[0;32m  OK  [0m] Started Load AppArmor profiles managed internally by snapd.
[[0;32m  OK  [0m] Started Set console font and keymap.
[   12.742553] cloud-init[788]: Cloud-init v. 23.1.2-0ubuntu0~18.04.1 running 'init-local' at Sun, 08 Jun 2025 07:06:53 +0000. Up 12.48 seconds.
[[0;32m  OK  [0m] Started Initial cloud-init job (pre-networking).
[[0;32m  OK  [0m] Reached target Network (Pre).
         Starting Network Service...
[[0;32m  OK  [0m] Started Network Service.
         Starting Network Name Resolution...
         Starting Wait for Network to be Configured...
[[0;32m  OK  [0m] Started Network Name Resolution.
[[0;32m  OK  [0m] Reached target Network.
[[0;32m  OK  [0m] Reached target Host and Network Name Lookups.
[[0;32m  OK  [0m] Started Wait for Network to be Configured.
         Starting Initial cloud-init job (metadata service crawler)...
[   14.255601] cloud-init[955]: Cloud-init v. 23.1.2-0ubuntu0~18.04.1 running 'init' at Sun, 08 Jun 2025 07:06:55 +0000. Up 14.17 seconds.
[   14.259348] cloud-init[955]: ci-info: ++++++++++++++++++++++++++++++++++++++Net device info+++++++++++++++++++++++++++++++++++++++
[   14.262159] cloud-init[955]: ci-info: +--------+-------+----------------------------+---------------+--------+-------------------+
[   14.265015] cloud-init[955]: ci-info: | Device |   Up  |          Address           |      Mask     | Scope  |     Hw-Address    |
[   14.267881] cloud-init[955]: ci-info: +--------+-------+----------------------------+---------------+--------+-------------------+
[   14.271073] cloud-init[955]: ci-info: | enp0s3 |  True |         10.0.2.15          | 255.255.255.0 | global | 02:3b:7b:b7:3b:2d |
[   14.273994] cloud-init[955]: ci-info: | enp0s3 |  True | fd00::3b:7bff:feb7:3b2d/64 |       .       | global | 02:3b:7b:b7:3b:2d |
[   14.276615] cloud-init[955]: ci-info: | enp0s3 |  True | fe80::3b:7bff:feb7:3b2d/64 |       .       |  link  | 02:3b:7b:b7:3b:2d |
[   14.279607] cloud-init[955]: ci-info: | enp0s8 | False |             .              |       .       |   .    | 08:00:27:db:3f:ba |
[   14.282333] cloud-init[955]: ci-info: |   lo   |  True |         127.0.0.1          |   255.0.0.0   |  host  |         .         |
[   14.285025] cloud-init[955]: ci-info: |   lo   |  True |          ::1/128           |       .       |  host  |         .         |
[   14.287835] cloud-init[955]: ci-info: +--------+-------+----------------------------+---------------+--------+-------------------+
[   14.290547] cloud-init[955]: ci-info: ++++++++++++++++++++++++++++Route IPv4 info+++++++++++++++++++++++++++++
[   14.293617] cloud-init[955]: ci-info: +-------+-------------+----------+-----------------+-----------+-------+
[   14.296637] cloud-init[955]: ci-info: | Route | Destination | Gateway  |     Genmask     | Interface | Flags |
[   14.299558] cloud-init[955]: ci-info: +-------+-------------+----------+-----------------+-----------+-------+
[   14.302413] cloud-init[955]: ci-info: |   0   |   0.0.0.0   | 10.0.2.2 |     0.0.0.0     |   enp0s3  |   UG  |
[   14.305044] cloud-init[955]: ci-info: |   1   |   10.0.2.0  | 0.0.0.0  |  255.255.255.0  |   enp0s3  |   U   |
[   14.307782] cloud-init[955]: ci-info: |   2   |   10.0.2.2  | 0.0.0.0  | 255.255.255.255 |   enp0s3  |   UH  |
[   14.310441] cloud-init[955]: ci-info: +-------+-------------+----------+-----------------+-----------+-------+
[   14.313285] cloud-init[955]: ci-info: +++++++++++++++++++Route IPv6 info+++++++++++++++++++
[   14.315921] cloud-init[955]: ci-info: +-------+-------------+---------+-----------+-------+
[   14.318815] cloud-init[955]: ci-info: | Route | Destination | Gateway | Interface | Flags |
[   14.321240] cloud-init[955]: ci-info: +-------+-------------+---------+-----------+-------+
[   14.323446] cloud-init[955]: ci-info: |   1   |  fd00::/64  |    ::   |   enp0s3  |   U   |
[   14.325734] cloud-init[955]: ci-info: |   2   |  fe80::/64  |    ::   |   enp0s3  |   U   |
[   14.328260] cloud-init[955]: ci-info: |   3   |     ::/0    | fe80::2 |   enp0s3  |   UG  |
[   14.330463] cloud-init[955]: ci-info: |   5   |    local    |    ::   |   enp0s3  |   U   |
[   14.332902] cloud-init[955]: ci-info: |   6   |   ff00::/8  |    ::   |   enp0s3  |   U   |
[   14.337799] cloud-init[955]: ci-info: +-------+-------------+---------+-----------+-------+
[   14.862836] cloud-init[955]: Generating public/private rsa key pair.
[   14.863929] cloud-init[955]: Your identification has been saved in /etc/ssh/ssh_host_rsa_key.
[   14.865251] cloud-init[955]: Your public key has been saved in /etc/ssh/ssh_host_rsa_key.pub.
[   14.866872] cloud-init[955]: The key fingerprint is:
[   14.867746] cloud-init[955]: SHA256:A0w/7vgFY/iJB0CNmcUI3FndhvT0Go+DzoYfmRY94/E root@ubuntu-bionic
[   14.869254] cloud-init[955]: The key's randomart image is:
[   14.870053] cloud-init[955]: +---[RSA 2048]----+
[   14.870833] cloud-init[955]: | ..o.@+o.o.      |
[   14.871598] cloud-init[955]: |  ..Boo.ooo.     |
[   14.872496] cloud-init[955]: |    . o o.o .    |
[   14.873349] cloud-init[955]: |     . + + =     |
[   14.874112] cloud-init[955]: |      o S O .    |
[   14.874915] cloud-init[955]: |       @ X *     |
[   14.875664] cloud-init[955]: |      + & o E    |
[   14.876453] cloud-init[955]: |       * o       |
[   14.877185] cloud-init[955]: |        o        |
[   14.877951] cloud-init[955]: +----[SHA256]-----+
[   14.878693] cloud-init[955]: Generating public/private dsa key pair.
[   14.879814] cloud-init[955]: Your identification has been saved in /etc/ssh/ssh_host_dsa_key.
[   14.881186] cloud-init[955]: Your public key has been saved in /etc/ssh/ssh_host_dsa_key.pub.
[   14.882447] cloud-init[955]: The key fingerprint is:
[   14.883376] cloud-init[955]: SHA256:LwM5xVKgTDmgjwyQnEmhRIz0nvyd+MMENr4UB98BTjM root@ubuntu-bionic
[   14.884782] cloud-init[955]: The key's randomart image is:
[   14.885594] cloud-init[955]: +---[DSA 1024]----+
[   14.886377] cloud-init[955]: |OB=....Eo        |
[   14.887200] cloud-init[955]: |**.oooooo.       |
[   14.888015] cloud-init[955]: |+  .o.+.+ .      |
[   14.888809] cloud-init[955]: |ooo .= * .       |
[   14.889579] cloud-init[955]: |...+o O S        |
[   14.890324] cloud-init[955]: |    .oo+..       |
[   14.891101] cloud-init[955]: |    .o+oo .      |
[   14.891852] cloud-init[955]: |     ..o o       |
[   14.892629] cloud-init[955]: |       ..        |
[   14.893358] cloud-init[955]: +----[SHA256]-----+
[   14.894225] cloud-init[955]: Generating public/private ecdsa key pair.
[   14.895232] cloud-init[955]: Your identification has been saved in /etc/ssh/ssh_host_ecdsa_key.
[   14.896551] cloud-init[955]: Your public key has been saved in /etc/ssh/ssh_host_ecdsa_key.pub.
[   14.897803] cloud-init[955]: The key fingerprint is:
[   14.898581] cloud-init[955]: SHA256:uzYnlRt5ziJs+x+MKINxp2wxCnDH2TbI9WNqPJP4eEg root@ubuntu-bionic
[   14.900071] cloud-init[955]: The key's randomart image is:
[   14.900978] cloud-init[955]: +---[ECDSA 256]---+
[   14.901719] cloud-init[955]: |      .          |
[   14.902486] cloud-init[955]: |   o = .         |
[   14.903258] cloud-init[955]: |. . * + +        |
[   14.904011] cloud-init[955]: | o . + = .       |
[   14.904823] cloud-init[955]: |  . E @ S  o     |
[   14.905560] cloud-init[955]: |   o @ B o=o.    |
[   14.906384] cloud-init[955]: |    = O.o..*o    |
[   14.907127] cloud-init[955]: |     o oB.+ o.   |
[   14.907894] cloud-init[955]: |       ooB.o.    |
[   14.908715] cloud-init[955]: +----[SHA256]-----+
[   14.909451] cloud-init[955]: Generating public/private ed25519 key pair.
[   14.910514] cloud-init[955]: Your identification has been saved in /etc/ssh/ssh_host_ed25519_key.
[   14.911881] cloud-init[955]: Your public key has been saved in /etc/ssh/ssh_host_ed25519_key.pub.
[   14.913235] cloud-init[955]: The key fingerprint is:
[   14.913986] cloud-init[955]: SHA256:mFiD/gNN721K6Zj0OjbWhsaTVc9tEzsQR18y1af4fFQ root@ubuntu-bionic
[   14.915466] cloud-init[955]: The key's randomart image is:
[   14.916306] cloud-init[955]: +--[ED25519 256]--+
[   14.917041] cloud-init[955]: |             .+.+|
[   14.917794] cloud-init[955]: |     .      . .+E|
[   14.918536] cloud-init[955]: |    . +      + .+|
[   14.919285] cloud-init[955]: |   . = =  . o o .|
[   14.920034] cloud-init[955]: |    + + S. o = + |
[   14.920914] cloud-init[955]: |     o ..o  o O .|
[   14.921645] cloud-init[955]: |     .+=+ o  . + |
[   14.922462] cloud-init[955]: |     .@Boo       |
[   14.923261] cloud-init[955]: |     ++*+        |
[   14.924012] cloud-init[955]: +----[SHA256]-----+
[[0;32m  OK  [0m] Started Initial cloud-init job (metadata service crawler).
[[0;32m  OK  [0m] Reached target Network is Online.
[[0;32m  OK  [0m] Reached target Remote File Systems (Pre).
[[0;32m  OK  [0m] Reached target Remote File Systems.
         Starting Availability of block devices...
[[0;32m  OK  [0m] Reached target System Initialization.
[[0;32m  OK  [0m] Started Message of the Day.
[[0;32m  OK  [0m] Started Ubuntu Advantage Timer for running repeated jobs.
[[0;32m  OK  [0m] Listening on ACPID Listen Socket.
[[0;32m  OK  [0m] Listening on Open-iSCSI iscsid Socket.
[[0;32m  OK  [0m] Started Daily apt download activities.
         Starting LXD - unix socket.
[[0;32m  OK  [0m] Listening on UUID daemon activation socket.
[[0;32m  OK  [0m] Listening on cloud-init hotplug hook socket.
[[0;32m  OK  [0m] Started Discard unused blocks once a week.
[[0;32m  OK  [0m] Started Daily Cleanup of Temporary Directories.
[[0;32m  OK  [0m] Started ACPI Events Check.
[[0;32m  OK  [0m] Reached target Paths.
[[0;32m  OK  [0m] Started Daily apt upgrade and clean activities.
[[0;32m  OK  [0m] Reached target Timers.
[[0;32m  OK  [0m] Listening on D-Bus System Message Bus Socket.
         Starting Socket activation for snappy daemon.
[[0;32m  OK  [0m] Reached target Cloud-config availability.
[[0;32m  OK  [0m] Started Availability of block devices.
[[0;32m  OK  [0m] Listening on LXD - unix socket.
[[0;32m  OK  [0m] Listening on Socket activation for snappy daemon.
[[0;32m  OK  [0m] Reached target Sockets.
[[0;32m  OK  [0m] Reached target Basic System.
[[0;32m  OK  [0m] Started Deferred execution scheduler.
[[0;32m  OK  [0m] Started Regular background program processing daemon.
         Starting System Logging Service...
[[0;32m  OK  [0m] Started FUSE filesystem for LXC.
         Starting LXD - container startup/shutdown...
[[0;32m  OK  [0m] Started D-Bus System Message Bus.
         Starting Virtualbox guest utils...
         Starting Permit User Sessions...
[[0;32m  OK  [0m] Reached target Login Prompts (Pre).
         Starting LSB: Record successful boot for GRUB...
         Starting Login Service...
         Starting Dispatcher daemon for systemd-networkd...
         Starting Accounts Service...
         Starting LSB: automatic crash report generation...
         Starting Pollinate to seed the pseudo random number generator...
[[0;32m  OK  [0m] Started irqbalance daemon.
         Starting Snap Daemon...
[[0;32m  OK  [0m] Started System Logging Service.
[[0;32m  OK  [0m] Started LXD - container startup/shutdown.
[[0;32m  OK  [0m] Started Permit User Sessions.
[[0;32m  OK  [0m] Started Login Service.
         Starting Authorization Manager...
[[0;32m  OK  [0m] Started Unattended Upgrades Shutdown.
         Starting Hostname Service...
         Starting Hold until boot process finishes up...
         Starting Terminate Plymouth Boot Screen...
[[0;32m  OK  [0m] Started LSB: automatic crash report generation.
[[0;32m  OK  [0m] Started Hold until boot process finishes up.
[[0;32m  OK  [0m] Started Terminate Plymouth Boot Screen.
[[0;32m  OK  [0m] Started Serial Getty on ttyS0.
         Starting Set console scheme...
[[0;32m  OK  [0m] Started LSB: Record successful boot for GRUB.
[[0;32m  OK  [0m] Started Virtualbox guest utils.
[[0;32m  OK  [0m] Started Set console scheme.
[[0;32m  OK  [0m] Created slice system-getty.slice.
[[0;32m  OK  [0m] Started Getty on tty1.
[[0;32m  OK  [0m] Reached target Login Prompts.
[[0;32m  OK  [0m] Started Authorization Manager.
[[0;32m  OK  [0m] Started Accounts Service.
[[0;32m  OK  [0m] Started Hostname Service.
[[0;32m  OK  [0m] Started Dispatcher daemon for systemd-networkd.
[[0;32m  OK  [0m] Started Snap Daemon.
         Starting Wait until snapd is fully seeded...
         Starting Time & Date Service...
[[0;32m  OK  [0m] Started Time & Date Service.
[[0;32m  OK  [0m] Started Pollinate to seed the pseudo random number generator.
         Starting OpenBSD Secure Shell server...
[[0;32m  OK  [0m] Started OpenBSD Secure Shell server.
[[0;32m  OK  [0m] Started Wait until snapd is fully seeded.
         Starting Apply the settings specified in cloud-config...
[[0;32m  OK  [0m] Created slice User Slice of vagrant.
         Starting User Manager for UID 1000...
[[0;32m  OK  [0m] Started Session 1 of user vagrant.
[[0;32m  OK  [0m] Started User Manager for UID 1000.
[   20.070945] cloud-init[1539]: Cloud-init v. 23.1.2-0ubuntu0~18.04.1 running 'modules:config' at Sun, 08 Jun 2025 07:07:01 +0000. Up 19.56 seconds.
[[0;32m  OK  [0m] Started Apply the settings specified in cloud-config.
[[0;32m  OK  [0m] Reached target Multi-User System.
         Starting Execute cloud user/final scripts...
[[0;32m  OK  [0m] Reached target Graphical Interface.
         Starting Update UTMP about System Runlevel Changes...
[[0;32m  OK  [0m] Started Update UTMP about System Runlevel Changes.
ci-info: no authorized SSH keys fingerprints found for user ubuntu.
<14>Jun  8 07:07:02 cloud-init: #############################################################
<14>Jun  8 07:07:02 cloud-init: -----BEGIN SSH HOST KEY FINGERPRINTS-----
<14>Jun  8 07:07:02 cloud-init: 1024 SHA256:LwM5xVKgTDmgjwyQnEmhRIz0nvyd+MMENr4UB98BTjM root@ubuntu-bionic (DSA)
<14>Jun  8 07:07:02 cloud-init: 256 SHA256:uzYnlRt5ziJs+x+MKINxp2wxCnDH2TbI9WNqPJP4eEg root@ubuntu-bionic (ECDSA)
<14>Jun  8 07:07:02 cloud-init: 256 SHA256:mFiD/gNN721K6Zj0OjbWhsaTVc9tEzsQR18y1af4fFQ root@ubuntu-bionic (ED25519)
<14>Jun  8 07:07:02 cloud-init: 2048 SHA256:A0w/7vgFY/iJB0CNmcUI3FndhvT0Go+DzoYfmRY94/E root@ubuntu-bionic (RSA)
<14>Jun  8 07:07:02 cloud-init: -----END SSH HOST KEY FINGERPRINTS-----
<14>Jun  8 07:07:02 cloud-init: #############################################################
-----BEGIN SSH HOST KEY KEYS-----
ecdsa-sha2-nistp256 AAAAE2VjZHNhLXNoYTItbmlzdHAyNTYAAAAIbmlzdHAyNTYAAABBBFKuvAZ8KNE6sCt59rjqqFcwWsdOoT3nE8jt3AhlMW+K7h6B81lahXaL51Z7QLAKXHBOc2e+6sLPzm+E56M9u88= root@ubuntu-bionic
ssh-ed25519 AAAAC3NzaC1lZDI1NTE5AAAAIGA+hVcqbmDIt50AqEWiuQshneCJKtCjq1FIU6F+LSzo root@ubuntu-bionic
ssh-rsa AAAAB3NzaC1yc2EAAAADAQABAAABAQC8llDjO/tQAN7HTRpOjyskOJsntgi+XRYxjzrpY7bx3X8MkDS6BElrDVrT1qIRPwrp1kMW47gC03en16XCy314T3amHme8MK2XZq/irvwxs+vXzN0QpQLk3zbIxaAOmVUBYtA7NSaZGaZP0y2B3ylFr8v4et8VFrsZ0fYrDUuWQLSF3nNGcLtMa5Pqj56l4o+pu/6UgJPe5UbgZe+R0Bvs9+gj9UNkAvsEstmxZNZfxmshnHCn/Bb983BsY7FLhy4/dIj2pOSRMFB3ksa4RPTNJVgQNUOPgKEbNn9gC0dWMgEHfFR55uIbUolniOThFpKJO/4ora7QUS6qlrNy4VF5 root@ubuntu-bionic
-----END SSH HOST KEY KEYS-----
[   20.559341] cloud-init[1651]: Cloud-init v. 23.1.2-0ubuntu0~18.04.1 running 'modules:final' at Sun, 08 Jun 2025 07:07:01 +0000. Up 20.37 seconds.
[   20.559647] cloud-init[1651]: Cloud-init v. 23.1.2-0ubuntu0~18.04.1 finished at Sun, 08 Jun 2025 07:07:02 +0000. Datasource DataSourceNoCloud [seed=/dev/sdb][dsmode=net].  Up 20.55 seconds

Ubuntu 18.04.6 LTS ubuntu-bionic ttyS0

ubuntu-bionic[ 1424.065[[0;32m  OK  [0m] Stopped target Host and Network Name Lookups.
         Stopping Availability of block dev         Stopping Session 12 of user vagrant.
         Stopping Authori[[0;32m  OK  [0m] Stopped target Cloud-init target.
         Stopping User Manager for UID 1000...
         Stopping Availability of block devices...
[[0;32m  OK  [0m] Stopped Execute cloud user/final scripts.
[[0;32m  OK  [0m] Stopped Apply the settings specified in cloud-config.
[[0;32m  OK  [0m] Stopped target Cloud-config availability.
[[0;32m  OK  [0m] Stopped target Graphical Interface.
         Stopping Accounts Service...
[[0;32m  OK  [0m] Stopped target Multi-User System.
         Stopping D-Bus System Message Bus...
         Stopping Deferred execution scheduler...
         Stopping LXD - container startup/shutdown...
[[0;32m  OK  [0m] Stopped Wait until snapd is fully seeded.
         Stopping FUSE filesystem for LXC...
         Stopping Regular background program processing daemon...
         Stopping LSB: Record successful boot for GRUB...
         Stopping A high performance web server and a reverse proxy server...
         Stopping System Logging Service...
         Stopping Dispatcher daemon for systemd-networkd...
         Stopping OpenBSD Secure Shell server...
[[0;32m  OK  [0m] Stopped target Login Prompts.
         Stopping Serial Getty on ttyS0...
         Stopping Getty on tty1...
         Stopping Session 8 of user vagrant.
         Stopping Virtualbox guest utils...
         Stopping LSB: automatic crash report generation...
[[0;32m  OK  [0m] Closed Load/Save RF Kill Switch Status /dev/rfkill Watch.
         Stopping irqbalance daemon...
[[0;32m  OK  [0m] Stopped target Timers.
[[0;32m  OK  [0m] Stopped Daily Cleanup of Temporary Directories.
[[0;32m  OK  [0m] Stopped Message of the Day.
[[0;32m  OK  [0m] Stopped Discard unused blocks once a week.
[[0;32m  OK  [0m] Stopped Daily apt upgrade and clean activities.
[[0;32m  OK  [0m] Stopped Ubuntu Advantage Timer for running repeated jobs.
[[0;32m  OK  [0m] Stopped Daily apt download activities.
[[0;32m  OK  [0m] Stopped target System Time Synchronized.
         Stopping Authorization Manager...
[[0;32m  OK  [0m] Stopped target Host and Network Name Lookups.
[[0;32m  OK  [0m] Unmounted /var/lib/lxcfs.
[[0;32m  OK  [0m] Stopped Deferred execution scheduler.
[[0;32m  OK  [0m] Stopped irqbalance daemon.
[[0;32m  OK  [0m] Stopped System Logging Service.
[[0;32m  OK  [0m] Stopped Accounts Service.
[[0;32m  OK  [0m] Stopped Dispatcher daemon for systemd-networkd.
[[0;32m  OK  [0m] Stopped Regular background program processing daemon.
[[0;32m  OK  [0m] Stopped Serial Getty on ttyS0.
[[0;32m  OK  [0m] Stopped Authorization Manager.
[[0;32m  OK  [0m] Stopped Getty on tty1.
[[0;32m  OK  [0m] Stopped OpenBSD Secure Shell server.
[[0;32m  OK  [0m] Stopped User Manager for UID 1000.
[[0;32m  OK  [0m] Stopped Availability of block devices.
[[0;32m  OK  [0m] Stopped D-Bus System Message Bus.
[[0;32m  OK  [0m] Stopped FUSE filesystem for LXC.
[[0;32m  OK  [0m] Stopped Session 8 of user vagrant.
[[0;32m  OK  [0m] Removed slice User Slice of vagrant.
         Stopping Login Service...
[[0;32m  OK  [0m] Removed slice system-getty.slice.
         Stopping Permit User Sessions...
[[0;32m  OK  [0m] Removed slice system-serial\x2dgetty.slice.
[[0;32m  OK  [0m] Stopped target Login Prompts (Pre).
[[0;32m  OK  [0m] Stopped A high performance web server and a reverse proxy server.
[[0;32m  OK  [0m] Stopped Permit User Sessions.
[[0;32m  OK  [0m] Stopped LXD - container startup/shutdown.
[[0;32m  OK  [0m] Stopped LSB: Record successful boot for GRUB.
[[0;32m  OK  [0m] Stopped LSB: automatic crash report generation.
[[0;32m  OK  [0m] Stopped target Remote File Systems.
         Unmounting /vagrant...
[[0;32m  OK  [0m] Unmounted /vagrant.
[[0;32m  OK  [0m] Stopped target Remote File Systems (Pre).
[[0;32m  OK  [0m] Stopped target Network is Online.
[[0;32m  OK  [0m] Stopped target Network.
         Stopping Network Name Resolution...
[[0;32m  OK  [0m] Stopped Virtualbox guest utils.
[[0;32m  OK  [0m] Stopped Network Name Resolution.
         Stopping Network Service...
[[0;32m  OK  [0m] Stopped Login Service.
[[0;32m  OK  [0m] Stopped target User and Group Name Lookups.
[[0;32m  OK  [0m] Stopped target Basic System.
[[0;32m  OK  [0m] Stopped target Paths.
[[0;32m  OK  [0m] Stopped ACPI Events Check.
[[0;32m  OK  [0m] Stopped target Sockets.
[[0;32m  OK  [0m] Closed LXD - unix socket.
[[0;32m  OK  [0m] Closed Syslog Socket.
[[0;32m  OK  [0m] Closed Socket activation for snappy daemon.
[[0;32m  OK  [0m] Closed cloud-init hotplug hook socket.
[[0;32m  OK  [0m] Closed UUID daemon activation socket.
[[0;32m  OK  [0m] Closed ACPID Listen Socket.
[[0;32m  OK  [0m] Closed Open-iSCSI iscsid Socket.
[[0;32m  OK  [0m] Stopped target Slices.
[[0;32m  OK  [0m] Removed slice User and Session Slice.
[[0;32m  OK  [0m] Closed D-Bus System Message Bus Socket.
[[0;32m  OK  [0m] Stopped target System Initialization.
         Stopping Load/Save Random Seed...
[[0;32m  OK  [0m] Stopped Commit a transient machine-id on disk.
[[0;32m  OK  [0m] Stopped Initial cloud-init job (metadata service crawler).
         Stopping Update UTMP about System Boot/Shutdown...
[[0;32m  OK  [0m] Stopped target Local Encrypted Volumes.
[[0;32m  OK  [0m] Stopped Forward Password Requests to Wall Directory Watch.
[[0;32m  OK  [0m] Stopped Dispatch Password Requests to Console Directory Watch.
[[0;32m  OK  [0m] Stopped Network Service.
[[0;32m  OK  [0m] Stopped Load/Save Random Seed.
[[0;32m  OK  [0m] Stopped Update UTMP about System Boot/Shutdown.
[[0;32m  OK  [0m] Stopped Create Volatile Files and Directories.
[[0;32m  OK  [0m] Stopped target Local File Systems.
[[0;32m  OK  [0m] Stopped target Mounted snaps.
[[0;32m  OK  [0m] Stopped target Mounting snaps.
         Unmounting /run/user/1000...
[[0;32m  OK  [0m] Stopped target Network (Pre).
[[0;32m  OK  [0m] Stopped Initial cloud-init job (pre-networking).
[[0;32m  OK  [0m] Stopped Apply Kernel Variables.
[[0;32m  OK  [0m] Stopped Load Kernel Modules.
[[0;32m  OK  [0m] Unmounted /run/user/1000.
[[0;32m  OK  [0m] Reached target Unmount All Filesystems.
[[0;32m  OK  [0m] Stopped target Swap.
[[0;32m  OK  [0m] Stopped target Local File Systems (Pre).
[[0;32m  OK  [0m] Stopped Create Static Device Nodes in /dev.
         Stopping Monitoring of LVM2 mirrors…ng dmeventd or progress polling...
[[0;32m  OK  [0m] Stopped Remount Root and Kernel File Systems.
[[0;32m  OK  [0m] Reached target Shutdown.
[[0;32m  OK  [0m] Reached target Final Step.
         Starting Power-Off...
[[0;32m  OK  [0m] Stopped Monitoring of LVM2 mirrors,…sing dmeventd or progress polling.
         Stopping LVM2 metadata daemon...
[[0;32m  OK  [0m] Stopped LVM2 metadata daemon.
[ 3145.194884] reboot: Power down
e UTMP about System Boot/Shutdown.
[[0;32m  OK  [0m] Stopped Create Volatile Files and Directories.
[[0;32m  OK  [0m] Stopped target Local File Systems.
         Unmounting /run/user/1000...
[[0;32m  OK  [0m] Stopped target Mounted snaps.
[[0;32m  OK  [0m] Stopped target Mounting snaps.
[[0;32m  OK  [0m] Stopped Load/Save Random Seed.
[[0;32m  OK  [0m] Unmounted /run/user/1000.
[[0;32m  OK  [0m] Reached target Unmount All Filesystems.
[[0;32m  OK  [0m] Stopped target Swap.
[[0;32m  OK  [0m] Stopped target Local File Systems (Pre).
         Stopping Monitoring of LVM2 mirrors…ng dmeventd or progress polling...
[[0;32m  OK  [0m] Stopped Create Static Device Nodes in /dev.
[[0;32m  OK  [0m] Stopped Monitoring of LVM2 mirrors,…sing dmeventd or progress polling.
         Stopping LVM2 metadata daemon...
[[0;32m  OK  [0m] Stopped LVM2 metadata daemon.
[[0;32m  OK  [0m] Stopped Network Service.
[[0;32m  OK  [0m] Stopped target Network (Pre).
[[0;32m  OK  [0m] Stopped Initial cloud-init job (pre-networking).
[[0;32m  OK  [0m] Stopped Remount Root and Kernel File Systems.
[[0;32m  OK  [0m] Stopped Apply Kernel Variables.
[[0;32m  OK  [0m] Stopped Load Kernel Modules.
[[0;32m  OK  [0m] Reached target Shutdown.
[[0;32m  OK  [0m] Reached target Final Step.
         Starting Power-Off...
[ 3042.675727] reboot: Power down
ntd or progress polling.
[ 2798.764228] reboot: Power down
own.
[[0;32m  OK  [0m] Reached target Final Step.
         Starting Power-Off...
[ 2466.272690] reboot: Power down
